<?xml version="1.0" encoding="UTF-8"?>
<!-- Generated by org.testng.reporters.JUnitXMLReporter -->
<testsuite ignored="2" hostname="DESKTOP-LD7EMF5" failures="0" tests="1" name="Account Page" time="0.003" errors="0" timestamp="06 sie 2020 16:47:30 GMT">
  <testcase classname="org.example.demo.Account" name="insertFile" time="0.001"/>
  <testcase classname="org.example.demo.Account" name="accountMobile" time="0.0">
    <ignored/>
  </testcase> <!-- accountMobile -->
  <testcase classname="org.example.demo.Account" name="accountWeb" time="0.0">
    <ignored/>
  </testcase> <!-- accountWeb -->
</testsuite> <!-- Account Page -->
