<?xml version="1.0" encoding="UTF-8"?>
<!-- Generated by org.testng.reporters.JUnitXMLReporter -->
<testsuite ignored="1" hostname="DESKTOP-LD7EMF5" failures="0" tests="5" name="Landing Page" time="0.052" errors="0" timestamp="06 sie 2020 16:47:30 GMT">
  <testcase classname="org.example.demo.Demo" name="demo" time="0.0"/>
  <testcase classname="org.example.demo.Login" name="inputLogin" time="0.0"/>
  <testcase classname="org.example.demo.Login" name="inputLogin" time="0.0"/>
  <testcase classname="org.example.demo.Login" name="inputLogin" time="0.001"/>
  <testcase classname="org.example.demo.Login" name="inputPassword" time="0.001"/>
  <testcase classname="org.example.demo.Demo" name="bye" time="0.0">
    <ignored/>
  </testcase> <!-- bye -->
</testsuite> <!-- Landing Page -->
